{"timestamp": "2025-06-17T06:43:34Z", "agent": "Architect", "event": "action_start", "details": "No project manifest found. Starting new project scaffolding."}
{"timestamp": "2025-06-17T06:45:44Z", "agent": "Architect", "event": "action_complete", "details": "Project scaffolding complete. Master manifest created."}
{"timestamp": "2025-06-17T06:50:38Z", "agent": "Architect", "event": "action_complete", "details": "Created plan dev_todo_item-01.md and registered it in the manifest."}
{"timestamp": "2025-06-17T06:51:20Z", "agent": "Orchestrator", "event": "handoff", "details": "Handoff to Developer for implementation of dev_todo_item-01.md"}
{"timestamp": "2025-06-17T06:52:37Z", "agent": "Developer", "event": "task_start", "details": "Starting work on new objective: Create Python application structure from dev_todo_item-01.md"}
{"timestamp": "2025-06-17T06:58:23Z", "agent": "Developer", "event": "task_complete", "details": "Committed changes for objective: Create Python application structure"}
{"timestamp": "2025-06-17T06:59:14Z", "agent": "Orchestrator", "event": "handoff", "details": "Handoff to Tech Lead for review of completed task"}
{"timestamp": "2025-06-17T07:01:42Z", "agent": "Tech_Lead", "event": "action_start", "details": "Starting review."}
{"timestamp": "2025-06-17T07:09:26Z", "agent": "Tech_Lead", "event": "decision", "details": "Result: REJECTED - Needs variable name refactoring"}
{"timestamp": "2025-06-17T07:10:21Z", "agent": "Orchestrator", "event": "handoff", "details": "Handoff to Developer for refactoring"}
{"timestamp": "2025-06-17T07:13:58Z", "agent": "Orchestrator", "event": "handoff", "details": "Handoff to Tech Lead for review"}
{"timestamp": "2025-06-17T07:16:05Z", "agent": "Tech_Lead", "event": "review_start", "details": "Reviewing latest commit"}
{"timestamp": "2025-06-17T07:20:36Z", "agent": "Tech_Lead", "event": "decision", "details": "Result: APPROVED"}
{"timestamp": "2025-06-17T07:21:26Z", "agent": "Orchestrator", "event": "handoff", "details": "Handoff to QA Engineer for acceptance testing"}
{"timestamp": "2025-06-17T07:22:52Z", "agent": "QA_Engineer", "event": "action_start", "details": "Starting acceptance testing for bot service."}
{"timestamp": "2025-06-17T09:30:18+02:00", "agent": "Orchestrator", "event": "handoff", "target_agent": "Tech Lead", "details": "Commit complete signal detected. Handing off for technical review."}
{"timestamp": "2025-06-17T07:35:16Z", "agent": "Tech_Lead", "event": "decision", "details": "Result: APPROVED - Variable name collision fixed"}
{"timestamp": "2025-06-17T09:36:37+02:00", "agent": "Orchestrator", "event": "handoff", "target_agent": "QA Engineer", "details": "Tech lead approved signal detected. Handing off for acceptance testing."}
{"timestamp": "2025-06-17T07:42:06Z", "agent": "QA_Engineer", "event": "decision", "details": "Result: REJECTED - Critical flaw in template selection logic"}
{"timestamp": "2025-06-17T09:42:44+02:00", "agent": "Orchestrator", "event": "handoff", "target_agent": "Developer", "details": "Refactoring needed signal detected. Handing off for implementation."}
{"timestamp": "2025-06-17T09:46:07+02:00", "agent": "Orchestrator", "event": "handoff", "target_agent": "Tech Lead", "details": "Commit complete signal detected. Handing off for technical review."}
{"timestamp": "2025-06-17T07:49:49Z", "agent": "Tech_Lead", "event": "decision", "details": "Result: APPROVED - Template selection logic fixed"}
{"timestamp": "2025-06-17T09:50:57+02:00", "agent": "Orchestrator", "event": "handoff", "target_agent": "QA Engineer", "details": "Tech lead approved signal detected. Handing off for acceptance testing."}
{"timestamp": "2025-06-17T07:55:49Z", "agent": "QA_Engineer", "event": "decision", "details": "Feature implemented according to acceptance criteria. Approved."}
{"timestamp": "2025-06-17T09:56:36+02:00", "agent": "Orchestrator", "event": "handoff", "target_agent": "Janitor", "details": "QA approved signal detected. Handing off for cleanup tasks."}
{"timestamp": "2025-06-17T07:58:41Z", "agent": "Janitor", "event": "action_start", "details": "Starting post-commit maintenance."}
{"timestamp": "2025-06-17T08:00:23Z", "agent": "Janitor", "event": "action", "details": "Updating vector DB for changed files."}
{"timestamp": "2025-06-17T08:02:44Z", "agent": "Janitor", "event": "action_complete", "details": "Vector DB synchronization skipped. Maintenance tasks completed."}
{"timestamp": "2025-06-17T10:04:20+02:00", "agent": "Orchestrator", "event": "handoff", "target_agent": "Architect", "details": "Open work items detected. Handing off to Architect for planning."}
{"timestamp": "2025-06-17T11:49:22+02:00", "agent": "Orchestrator", "event": "handoff", "target_agent": "Tech Lead", "details": "Commit complete signal detected. Handing off for review."}
{"timestamp": "2025-06-17T11:50:09+02:00", "agent": "Tech Lead", "event": "review_started", "details": "Reviewing commit 51352d9 for template selection refactoring"}
{"timestamp": "2025-06-17T11:53:28+02:00", "agent": "Orchestrator", "event": "handoff", "target_agent": "QA Engineer", "details": "Tech lead approved signal detected. Handing off for QA review."}
{"timestamp": "2025-06-17T12:01:35+02:00", "agent": "Orchestrator", "event": "handoff", "target_agent": "Janitor", "details": "QA approved signal detected. Handing off for final cleanup."}
{"timestamp": "2025-06-17T12:04:35+02:00", "agent": "Janitor", "event": "action_start", "details": "Starting post-commit maintenance."}
{"timestamp": "2025-06-17T12:04:59+02:00", "agent": "Janitor", "event": "action", "details": "Updating vector DB for file: bot/instagram_bot.py"}
{"timestamp": "2025-06-17T13:23:04+02:00", "agent": "Orchestrator", "event": "handoff", "target_agent": "Emergency", "details": "Needs assistance signal detected."}
{"timestamp": "2025-06-17T13:25:13+02:00", "agent": "Emergency", "event": "resolved", "details": "Fixed Python environment setup issues. Created FIX_PLAN.md and deleted NEEDS_ASSISTANCE.md."}
{"timestamp": "2025-06-17T13:25:34+02:00", "agent": "Orchestrator", "event": "handoff", "target_agent": "Janitor", "details": "QA approved signal detected."}
{"timestamp": "2025-06-17T13:26:24+02:00", "agent": "Janitor", "event": "action_start", "details": "Starting post-commit maintenance."}
{"timestamp": "2025-06-17T13:27:08+02:00", "agent": "Janitor", "event": "action_complete", "details": "Cleanup complete. QA_APPROVED.md was already removed."}
{"timestamp": "2025-06-17T13:27:31+02:00", "agent": "Orchestrator", "event": "handoff", "target_agent": "QA Engineer", "details": "Tech lead approved signal detected."}
{"timestamp": "2025-06-17T13:27:31+02:00", "agent": "Orchestrator", "event": "handoff", "target_agent": "QA Engineer", "details": "Tech lead approved signal detected."}
{"timestamp": "2025-06-17T13:34:19+02:00", "agent": "QA Engineer", "event": "rejection", "details": "Feature FAILED acceptance testing. Missing Pillow dependency."}
{"timestamp": "2025-06-17T13:37:14+02:00", "agent": "Orchestrator", "event": "handoff", "target_agent": "Developer", "details": "Needs refactor signal detected."}
{"timestamp": "2025-06-17T13:55:24+02:00", "agent": "Developer", "event": "error", "details": "Encountered unrecoverable error. Creating distress signal and handing off."}
{"timestamp": "2025-06-17T13:57:56+02:00", "agent": "Orchestrator", "event": "handoff", "target_agent": "Emergency", "details": "Needs assistance signal detected."}
{"timestamp": "2025-06-17T14:01:11+02:00", "agent": "Emergency", "event": "resolved", "details": "Created test isolation fix plan. Deleted NEEDS_ASSISTANCE.md."}
{"timestamp": "2025-06-17T14:02:02+02:00", "agent": "Orchestrator", "event": "handoff", "target_agent": "Developer", "details": "Active fix plan requires implementation."}
{"timestamp": "2025-06-18T08:24:19+02:00", "agent": "Tech Lead", "event": "review_started", "details": "Starting review of commit: feat: Complete task: Implement Core Instagram Bot Service"}
{"timestamp": "2025-06-18T08:27:43+02:00", "agent": "Tech Lead", "event": "review_completed", "decision": "rejected", "details": "Created NEEDS_REFACTOR.md with specific improvement requirements"}
{"timestamp": "2025-06-18T08:32:41+02:00", "agent": "Tech Lead", "event": "review_started", "details": "Starting review of commit: feat: Refactor Instagram Bot Implementation"}
{"timestamp": "2025-06-18T08:36:17+02:00", "agent": "Tech Lead", "event": "review_completed", "decision": "rejected", "details": "Created NEEDS_REFACTOR.md with specific API implementation requirements"}
